::1 - - [15/Jun/2025 10:24:04] "HEAD / HTTP/1.1" 200 -
::1 - - [15/Jun/2025 10:24:23] "GET / HTTP/1.1" 200 -
::1 - - [15/Jun/2025 10:24:37] "GET / HTTP/1.1" 200 -
::1 - - [15/Jun/2025 10:24:37] "GET /assets/index-e101c47c.js HTTP/1.1" 200 -
::1 - - [15/Jun/2025 10:24:37] "GET /assets/index-73572265.css HTTP/1.1" 200 -
::1 - - [15/Jun/2025 10:24:37] code 404, message File not found
::1 - - [15/Jun/2025 10:24:37] "GET /vite.svg HTTP/1.1" 404 -
::1 - - [15/Jun/2025 10:24:52] "GET /assets/CaseListPage-63363adf.js HTTP/1.1" 200 -
::1 - - [15/Jun/2025 10:24:52] "GET /assets/index-69f8b09f.js HTTP/1.1" 200 -
::1 - - [15/Jun/2025 10:24:54] "GET /assets/CaseDetailPage-3f596158.js HTTP/1.1" 200 -
::1 - - [15/Jun/2025 10:24:54] "GET /assets/emergencyHospitals-0f7a254e.js HTTP/1.1" 200 -
::1 - - [15/Jun/2025 10:24:54] "GET /assets/RouteOptimizationComponent-4d8e306f.css HTTP/1.1" 200 -
::1 - - [15/Jun/2025 10:24:54] "GET /assets/RouteOptimizationComponent-ab65f299.js HTTP/1.1" 200 -
::1 - - [15/Jun/2025 10:31:15] code 404, message File not found
::1 - - [15/Jun/2025 10:31:15] "GET /cases/case-001 HTTP/1.1" 404 -
::1 - - [15/Jun/2025 10:31:15] code 404, message File not found
::1 - - [15/Jun/2025 10:31:15] "GET /favicon.ico HTTP/1.1" 404 -
::1 - - [15/Jun/2025 10:31:18] code 404, message File not found
::1 - - [15/Jun/2025 10:31:18] "GET /cases/case-001 HTTP/1.1" 404 -
::1 - - [15/Jun/2025 10:31:19] code 404, message File not found
::1 - - [15/Jun/2025 10:31:19] "GET /cases HTTP/1.1" 404 -
::1 - - [15/Jun/2025 10:31:20] "GET / HTTP/1.1" 200 -
::1 - - [15/Jun/2025 10:31:20] "GET /assets/index-ca280ada.js HTTP/1.1" 200 -
::1 - - [15/Jun/2025 10:31:20] "GET /assets/index-73572265.css HTTP/1.1" 200 -
::1 - - [15/Jun/2025 10:31:20] "GET /assets/CaseListPage-c8e65546.js HTTP/1.1" 200 -
::1 - - [15/Jun/2025 10:31:20] "GET /assets/index-69f8b09f.js HTTP/1.1" 200 -
::1 - - [15/Jun/2025 10:31:22] "GET /assets/CaseDetailPage-89a3603c.js HTTP/1.1" 200 -
::1 - - [15/Jun/2025 10:31:22] "GET /assets/RouteOptimizationComponent-227deb37.js HTTP/1.1" 200 -
::1 - - [15/Jun/2025 10:31:22] "GET /assets/emergencyHospitals-0f7a254e.js HTTP/1.1" 200 -
::1 - - [15/Jun/2025 10:31:22] "GET /assets/RouteOptimizationComponent-4d8e306f.css HTTP/1.1" 200 -
::1 - - [15/Jun/2025 10:31:53] "GET / HTTP/1.1" 304 -
::1 - - [15/Jun/2025 10:31:53] "GET /assets/index-73572265.css HTTP/1.1" 304 -
::1 - - [15/Jun/2025 10:31:53] code 404, message File not found
::1 - - [15/Jun/2025 10:31:53] "GET /assets/index-e101c47c.js HTTP/1.1" 404 -
::1 - - [15/Jun/2025 10:31:53] "GET /assets/index-73572265.css HTTP/1.1" 304 -
::1 - - [15/Jun/2025 10:31:53] "GET /assets/index-ca280ada.js HTTP/1.1" 304 -
::1 - - [15/Jun/2025 10:31:55] "GET /assets/emergencyHospitals-0f7a254e.js HTTP/1.1" 304 -
::1 - - [15/Jun/2025 10:31:55] "GET /assets/CaseDetailPage-89a3603c.js HTTP/1.1" 304 -
::1 - - [15/Jun/2025 10:31:55] "GET /assets/RouteOptimizationComponent-227deb37.js HTTP/1.1" 304 -
::1 - - [15/Jun/2025 10:31:55] "GET /assets/RouteOptimizationComponent-4d8e306f.css HTTP/1.1" 304 -
::1 - - [15/Jun/2025 10:33:01] code 404, message File not found
::1 - - [15/Jun/2025 10:33:01] "GET /cases/case-001 HTTP/1.1" 404 -
::1 - - [15/Jun/2025 10:33:07] code 404, message File not found
::1 - - [15/Jun/2025 10:33:07] "GET /cases/case-001 HTTP/1.1" 404 -
::1 - - [15/Jun/2025 10:33:09] "GET / HTTP/1.1" 304 -
::1 - - [15/Jun/2025 10:33:09] "GET /assets/index-ca280ada.js HTTP/1.1" 304 -
::1 - - [15/Jun/2025 10:33:09] "GET /assets/index-73572265.css HTTP/1.1" 304 -
::1 - - [15/Jun/2025 10:33:09] "GET /assets/index-69f8b09f.js HTTP/1.1" 304 -
::1 - - [15/Jun/2025 10:33:09] "GET /assets/CaseListPage-c8e65546.js HTTP/1.1" 304 -
::1 - - [15/Jun/2025 10:33:10] "GET /assets/RouteOptimizationComponent-227deb37.js HTTP/1.1" 304 -
::1 - - [15/Jun/2025 10:33:10] "GET /assets/CaseDetailPage-89a3603c.js HTTP/1.1" 304 -
::1 - - [15/Jun/2025 10:33:10] "GET /assets/emergencyHospitals-0f7a254e.js HTTP/1.1" 304 -
::1 - - [15/Jun/2025 10:33:10] "GET /assets/RouteOptimizationComponent-4d8e306f.css HTTP/1.1" 304 -
::1 - - [15/Jun/2025 10:33:46] code 404, message File not found
::1 - - [15/Jun/2025 10:33:46] "GET /apple-touch-icon-precomposed.png HTTP/1.1" 404 -
::1 - - [15/Jun/2025 10:33:46] code 404, message File not found
::1 - - [15/Jun/2025 10:33:46] "GET /apple-touch-icon.png HTTP/1.1" 404 -
::1 - - [15/Jun/2025 10:33:46] code 404, message File not found
::1 - - [15/Jun/2025 10:33:46] "GET /favicon.ico HTTP/1.1" 404 -
::1 - - [15/Jun/2025 10:33:46] code 404, message File not found
::1 - - [15/Jun/2025 10:33:46] "GET /vite.svg HTTP/1.1" 404 -
::1 - - [15/Jun/2025 10:33:55] "GET / HTTP/1.1" 200 -
::1 - - [15/Jun/2025 10:33:55] "GET /assets/index-ca280ada.js HTTP/1.1" 200 -
::1 - - [15/Jun/2025 10:33:55] "GET /assets/index-73572265.css HTTP/1.1" 200 -
::1 - - [15/Jun/2025 10:33:55] code 404, message File not found
::1 - - [15/Jun/2025 10:33:55] "GET /vite.svg HTTP/1.1" 404 -
::1 - - [15/Jun/2025 10:33:57] "GET /assets/CaseListPage-c8e65546.js HTTP/1.1" 200 -
::1 - - [15/Jun/2025 10:33:57] "GET /assets/index-69f8b09f.js HTTP/1.1" 200 -
::1 - - [15/Jun/2025 10:33:59] "GET /assets/CaseDetailPage-89a3603c.js HTTP/1.1" 200 -
::1 - - [15/Jun/2025 10:33:59] "GET /assets/RouteOptimizationComponent-4d8e306f.css HTTP/1.1" 200 -
::1 - - [15/Jun/2025 10:33:59] "GET /assets/RouteOptimizationComponent-227deb37.js HTTP/1.1" 200 -
::1 - - [15/Jun/2025 10:33:59] "GET /assets/emergencyHospitals-0f7a254e.js HTTP/1.1" 200 -
::1 - - [15/Jun/2025 10:34:11] code 404, message File not found
::1 - - [15/Jun/2025 10:34:11] "GET /.well-known/appspecific/com.chrome.devtools.json HTTP/1.1" 404 -
::1 - - [15/Jun/2025 10:34:11] "GET /assets/index-ca280ada.js.map HTTP/1.1" 200 -
::1 - - [15/Jun/2025 10:34:11] "GET /assets/index-69f8b09f.js.map HTTP/1.1" 200 -
::1 - - [15/Jun/2025 10:34:11] "GET /assets/emergencyHospitals-0f7a254e.js.map HTTP/1.1" 200 -
::1 - - [15/Jun/2025 10:34:11] "GET /assets/CaseListPage-c8e65546.js.map HTTP/1.1" 200 -
::1 - - [15/Jun/2025 10:34:11] "GET /assets/CaseDetailPage-89a3603c.js.map HTTP/1.1" 200 -
::1 - - [15/Jun/2025 10:34:11] "GET /assets/RouteOptimizationComponent-227deb37.js.map HTTP/1.1" 200 -
::1 - - [15/Jun/2025 10:38:06] "GET / HTTP/1.1" 200 -
::1 - - [15/Jun/2025 10:38:06] "GET /assets/index-ce5fba41.js HTTP/1.1" 200 -
::1 - - [15/Jun/2025 10:38:06] "GET /assets/index-73572265.css HTTP/1.1" 200 -
::1 - - [15/Jun/2025 10:38:06] code 404, message File not found
::1 - - [15/Jun/2025 10:38:06] "GET /.well-known/appspecific/com.chrome.devtools.json HTTP/1.1" 404 -
::1 - - [15/Jun/2025 10:38:06] "GET /assets/index-ce5fba41.js.map HTTP/1.1" 200 -
::1 - - [15/Jun/2025 10:38:06] "GET /assets/CaseListPage-5700d965.js HTTP/1.1" 200 -
::1 - - [15/Jun/2025 10:38:06] "GET /assets/index-69f8b09f.js HTTP/1.1" 200 -
::1 - - [15/Jun/2025 10:38:06] "GET /assets/CaseListPage-5700d965.js.map HTTP/1.1" 200 -
::1 - - [15/Jun/2025 10:38:06] "GET /assets/index-69f8b09f.js.map HTTP/1.1" 200 -
::1 - - [15/Jun/2025 10:38:07] "GET /assets/CaseDetailPage-4c98040c.js HTTP/1.1" 200 -
::1 - - [15/Jun/2025 10:38:07] "GET /assets/RouteOptimizationComponent-4d8e306f.css HTTP/1.1" 200 -
::1 - - [15/Jun/2025 10:38:07] "GET /assets/emergencyHospitals-0f7a254e.js HTTP/1.1" 200 -
::1 - - [15/Jun/2025 10:38:07] "GET /assets/RouteOptimizationComponent-a5fe1e8d.js HTTP/1.1" 200 -
::1 - - [15/Jun/2025 10:38:07] "GET /assets/emergencyHospitals-0f7a254e.js.map HTTP/1.1" 200 -
::1 - - [15/Jun/2025 10:38:07] "GET /assets/CaseDetailPage-4c98040c.js.map HTTP/1.1" 200 -
::1 - - [15/Jun/2025 10:38:07] "GET /assets/RouteOptimizationComponent-a5fe1e8d.js.map HTTP/1.1" 200 -
::1 - - [15/Jun/2025 10:38:13] "GET / HTTP/1.1" 200 -
::1 - - [15/Jun/2025 10:38:13] "GET /assets/index-ce5fba41.js HTTP/1.1" 200 -
::1 - - [15/Jun/2025 10:38:13] "GET /assets/index-73572265.css HTTP/1.1" 200 -
::1 - - [15/Jun/2025 10:38:13] code 404, message File not found
::1 - - [15/Jun/2025 10:38:13] "GET /.well-known/appspecific/com.chrome.devtools.json HTTP/1.1" 404 -
::1 - - [15/Jun/2025 10:38:13] "GET /assets/index-ce5fba41.js.map HTTP/1.1" 200 -
::1 - - [15/Jun/2025 10:38:13] "GET /assets/index-69f8b09f.js HTTP/1.1" 200 -
::1 - - [15/Jun/2025 10:38:13] "GET /assets/CaseListPage-5700d965.js HTTP/1.1" 200 -
::1 - - [15/Jun/2025 10:38:13] "GET /assets/CaseListPage-5700d965.js.map HTTP/1.1" 200 -
::1 - - [15/Jun/2025 10:38:13] "GET /assets/index-69f8b09f.js.map HTTP/1.1" 200 -
::1 - - [15/Jun/2025 10:38:15] "GET /assets/CaseDetailPage-4c98040c.js HTTP/1.1" 200 -
::1 - - [15/Jun/2025 10:38:15] "GET /assets/RouteOptimizationComponent-a5fe1e8d.js HTTP/1.1" 200 -
::1 - - [15/Jun/2025 10:38:15] "GET /assets/RouteOptimizationComponent-4d8e306f.css HTTP/1.1" 200 -
::1 - - [15/Jun/2025 10:38:15] "GET /assets/emergencyHospitals-0f7a254e.js HTTP/1.1" 200 -
::1 - - [15/Jun/2025 10:38:15] "GET /assets/CaseDetailPage-4c98040c.js.map HTTP/1.1" 200 -
::1 - - [15/Jun/2025 10:38:15] "GET /assets/RouteOptimizationComponent-a5fe1e8d.js.map HTTP/1.1" 200 -
::1 - - [15/Jun/2025 10:38:15] "GET /assets/emergencyHospitals-0f7a254e.js.map HTTP/1.1" 200 -
::1 - - [15/Jun/2025 10:41:33] code 404, message File not found
::1 - - [15/Jun/2025 10:41:33] "GET /cases/case-001 HTTP/1.1" 404 -
::1 - - [15/Jun/2025 10:41:33] code 404, message File not found
::1 - - [15/Jun/2025 10:41:33] "GET /.well-known/appspecific/com.chrome.devtools.json HTTP/1.1" 404 -
::1 - - [15/Jun/2025 10:41:33] code 404, message File not found
::1 - - [15/Jun/2025 10:41:33] "GET /favicon.ico HTTP/1.1" 404 -
::1 - - [15/Jun/2025 10:41:35] "GET / HTTP/1.1" 200 -
::1 - - [15/Jun/2025 10:41:35] code 404, message File not found
::1 - - [15/Jun/2025 10:41:35] "GET /.well-known/appspecific/com.chrome.devtools.json HTTP/1.1" 404 -
::1 - - [15/Jun/2025 10:41:35] "GET /assets/index-73572265.css HTTP/1.1" 200 -
::1 - - [15/Jun/2025 10:41:35] "GET /assets/index-72e9244d.js HTTP/1.1" 200 -
::1 - - [15/Jun/2025 10:41:35] "GET /assets/index-72e9244d.js.map HTTP/1.1" 200 -
::1 - - [15/Jun/2025 10:41:35] "GET /assets/CaseListPage-8e5ad2c0.js HTTP/1.1" 200 -
::1 - - [15/Jun/2025 10:41:35] "GET /assets/index-69f8b09f.js HTTP/1.1" 200 -
::1 - - [15/Jun/2025 10:41:35] "GET /assets/index-69f8b09f.js.map HTTP/1.1" 200 -
::1 - - [15/Jun/2025 10:41:35] "GET /assets/CaseListPage-8e5ad2c0.js.map HTTP/1.1" 200 -
::1 - - [15/Jun/2025 10:41:37] "GET /assets/CaseDetailPage-3595468c.js HTTP/1.1" 200 -
::1 - - [15/Jun/2025 10:41:37] "GET /assets/RouteOptimizationComponent-4d8e306f.css HTTP/1.1" 200 -
::1 - - [15/Jun/2025 10:41:37] "GET /assets/RouteOptimizationComponent-1162a608.js HTTP/1.1" 200 -
::1 - - [15/Jun/2025 10:41:37] "GET /assets/emergencyHospitals-0f7a254e.js HTTP/1.1" 200 -
::1 - - [15/Jun/2025 10:41:37] "GET /assets/RouteOptimizationComponent-1162a608.js.map HTTP/1.1" 200 -
::1 - - [15/Jun/2025 10:41:37] "GET /assets/CaseDetailPage-3595468c.js.map HTTP/1.1" 200 -
::1 - - [15/Jun/2025 10:41:37] "GET /assets/emergencyHospitals-0f7a254e.js.map HTTP/1.1" 200 -
::1 - - [15/Jun/2025 10:42:01] "GET /assets/RouteOptimizationComponent-4d8e306f.css HTTP/1.1" 304 -
::1 - - [15/Jun/2025 10:42:01] "GET /assets/index-73572265.css HTTP/1.1" 304 -
::1 - - [15/Jun/2025 10:42:01] code 404, message File not found
::1 - - [15/Jun/2025 10:42:01] "GET /.well-known/appspecific/com.chrome.devtools.json HTTP/1.1" 404 -
::1 - - [15/Jun/2025 10:42:01] "GET /assets/index-72e9244d.js.map HTTP/1.1" 200 -
::1 - - [15/Jun/2025 10:42:01] "GET /assets/CaseListPage-8e5ad2c0.js.map HTTP/1.1" 200 -
::1 - - [15/Jun/2025 10:42:01] "GET /assets/index-69f8b09f.js.map HTTP/1.1" 200 -
::1 - - [15/Jun/2025 10:42:01] "GET /assets/CaseDetailPage-3595468c.js.map HTTP/1.1" 200 -
::1 - - [15/Jun/2025 10:42:01] "GET /assets/emergencyHospitals-0f7a254e.js.map HTTP/1.1" 200 -
::1 - - [15/Jun/2025 10:42:01] "GET /assets/RouteOptimizationComponent-1162a608.js.map HTTP/1.1" 200 -
::1 - - [15/Jun/2025 10:46:30] "GET / HTTP/1.1" 200 -
::1 - - [15/Jun/2025 10:46:30] "GET /assets/index-56d399a4.js HTTP/1.1" 200 -
::1 - - [15/Jun/2025 10:46:30] "GET /assets/index-73572265.css HTTP/1.1" 200 -
::1 - - [15/Jun/2025 10:46:30] code 404, message File not found
::1 - - [15/Jun/2025 10:46:30] "GET /.well-known/appspecific/com.chrome.devtools.json HTTP/1.1" 404 -
::1 - - [15/Jun/2025 10:46:30] "GET /assets/index-56d399a4.js.map HTTP/1.1" 200 -
::1 - - [15/Jun/2025 10:46:30] "GET /assets/CaseListPage-b5ce910a.js HTTP/1.1" 200 -
::1 - - [15/Jun/2025 10:46:30] "GET /assets/index-69f8b09f.js HTTP/1.1" 200 -
::1 - - [15/Jun/2025 10:46:30] "GET /assets/CaseListPage-b5ce910a.js.map HTTP/1.1" 200 -
::1 - - [15/Jun/2025 10:46:30] "GET /assets/index-69f8b09f.js.map HTTP/1.1" 200 -
::1 - - [15/Jun/2025 10:46:33] "GET /assets/CaseDetailPage-8317760b.js HTTP/1.1" 200 -
::1 - - [15/Jun/2025 10:46:33] "GET /assets/RouteOptimizationComponent-06397c06.js HTTP/1.1" 200 -
::1 - - [15/Jun/2025 10:46:33] "GET /assets/RouteOptimizationComponent-4d8e306f.css HTTP/1.1" 200 -
::1 - - [15/Jun/2025 10:46:33] "GET /assets/emergencyHospitals-0f7a254e.js HTTP/1.1" 200 -
::1 - - [15/Jun/2025 10:46:33] "GET /assets/RouteOptimizationComponent-06397c06.js.map HTTP/1.1" 200 -
::1 - - [15/Jun/2025 10:46:33] "GET /assets/CaseDetailPage-8317760b.js.map HTTP/1.1" 200 -
::1 - - [15/Jun/2025 10:46:33] "GET /assets/emergencyHospitals-0f7a254e.js.map HTTP/1.1" 200 -
::1 - - [15/Jun/2025 10:46:48] "GET / HTTP/1.1" 200 -
::1 - - [15/Jun/2025 10:46:48] "GET /assets/index-73572265.css HTTP/1.1" 200 -
::1 - - [15/Jun/2025 10:46:48] "GET /assets/index-56d399a4.js HTTP/1.1" 200 -
::1 - - [15/Jun/2025 10:46:48] code 404, message File not found
::1 - - [15/Jun/2025 10:46:48] "GET /.well-known/appspecific/com.chrome.devtools.json HTTP/1.1" 404 -
::1 - - [15/Jun/2025 10:46:48] "GET /assets/index-56d399a4.js.map HTTP/1.1" 200 -
::1 - - [15/Jun/2025 10:46:49] "GET /assets/CaseListPage-b5ce910a.js HTTP/1.1" 200 -
::1 - - [15/Jun/2025 10:46:49] "GET /assets/index-69f8b09f.js HTTP/1.1" 200 -
::1 - - [15/Jun/2025 10:46:49] "GET /assets/CaseListPage-b5ce910a.js.map HTTP/1.1" 200 -
::1 - - [15/Jun/2025 10:46:49] "GET /assets/index-69f8b09f.js.map HTTP/1.1" 200 -
::1 - - [15/Jun/2025 10:46:52] "GET /assets/CaseDetailPage-8317760b.js HTTP/1.1" 200 -
::1 - - [15/Jun/2025 10:46:52] "GET /assets/RouteOptimizationComponent-4d8e306f.css HTTP/1.1" 200 -
::1 - - [15/Jun/2025 10:46:52] "GET /assets/RouteOptimizationComponent-06397c06.js HTTP/1.1" 200 -
::1 - - [15/Jun/2025 10:46:52] "GET /assets/emergencyHospitals-0f7a254e.js HTTP/1.1" 200 -
::1 - - [15/Jun/2025 10:46:52] "GET /assets/CaseDetailPage-8317760b.js.map HTTP/1.1" 200 -
::1 - - [15/Jun/2025 10:46:52] "GET /assets/RouteOptimizationComponent-06397c06.js.map HTTP/1.1" 200 -
::1 - - [15/Jun/2025 10:46:52] "GET /assets/emergencyHospitals-0f7a254e.js.map HTTP/1.1" 200 -
::1 - - [15/Jun/2025 10:47:05] code 404, message File not found
::1 - - [15/Jun/2025 10:47:05] "GET /cases/case-001 HTTP/1.1" 404 -
::1 - - [15/Jun/2025 10:47:05] code 404, message File not found
::1 - - [15/Jun/2025 10:47:05] "GET /.well-known/appspecific/com.chrome.devtools.json HTTP/1.1" 404 -
::1 - - [15/Jun/2025 10:47:05] code 404, message File not found
::1 - - [15/Jun/2025 10:47:05] "GET /cases/case-001 HTTP/1.1" 404 -
::1 - - [15/Jun/2025 10:47:05] code 404, message File not found
::1 - - [15/Jun/2025 10:47:05] "GET /.well-known/appspecific/com.chrome.devtools.json HTTP/1.1" 404 -
::1 - - [15/Jun/2025 10:47:06] code 404, message File not found
::1 - - [15/Jun/2025 10:47:06] "GET /cases/case-001 HTTP/1.1" 404 -
::1 - - [15/Jun/2025 10:47:06] code 404, message File not found
::1 - - [15/Jun/2025 10:47:06] "GET /.well-known/appspecific/com.chrome.devtools.json HTTP/1.1" 404 -
::1 - - [15/Jun/2025 10:47:06] code 404, message File not found
::1 - - [15/Jun/2025 10:47:06] "GET /cases/case-001 HTTP/1.1" 404 -
::1 - - [15/Jun/2025 10:47:06] code 404, message File not found
::1 - - [15/Jun/2025 10:47:06] "GET /.well-known/appspecific/com.chrome.devtools.json HTTP/1.1" 404 -
::1 - - [15/Jun/2025 10:47:06] code 404, message File not found
::1 - - [15/Jun/2025 10:47:06] "GET /cases/case-001 HTTP/1.1" 404 -
::1 - - [15/Jun/2025 10:47:06] code 404, message File not found
::1 - - [15/Jun/2025 10:47:06] "GET /.well-known/appspecific/com.chrome.devtools.json HTTP/1.1" 404 -
::1 - - [15/Jun/2025 10:47:06] code 404, message File not found
::1 - - [15/Jun/2025 10:47:06] "GET /cases/case-001 HTTP/1.1" 404 -
::1 - - [15/Jun/2025 10:47:06] code 404, message File not found
::1 - - [15/Jun/2025 10:47:06] "GET /.well-known/appspecific/com.chrome.devtools.json HTTP/1.1" 404 -
::1 - - [15/Jun/2025 10:47:06] code 404, message File not found
::1 - - [15/Jun/2025 10:47:06] "GET /cases/case-001 HTTP/1.1" 404 -
::1 - - [15/Jun/2025 10:47:06] code 404, message File not found
::1 - - [15/Jun/2025 10:47:06] "GET /.well-known/appspecific/com.chrome.devtools.json HTTP/1.1" 404 -
::1 - - [15/Jun/2025 10:47:07] code 404, message File not found
::1 - - [15/Jun/2025 10:47:07] "GET /cases/case-001 HTTP/1.1" 404 -
::1 - - [15/Jun/2025 10:47:07] code 404, message File not found
::1 - - [15/Jun/2025 10:47:07] "GET /.well-known/appspecific/com.chrome.devtools.json HTTP/1.1" 404 -
::1 - - [15/Jun/2025 10:47:07] code 404, message File not found
::1 - - [15/Jun/2025 10:47:07] "GET /cases/case-001 HTTP/1.1" 404 -
::1 - - [15/Jun/2025 10:47:07] code 404, message File not found
::1 - - [15/Jun/2025 10:47:07] "GET /.well-known/appspecific/com.chrome.devtools.json HTTP/1.1" 404 -
::1 - - [15/Jun/2025 10:47:09] "GET / HTTP/1.1" 200 -
::1 - - [15/Jun/2025 10:47:09] code 404, message File not found
::1 - - [15/Jun/2025 10:47:09] "GET /.well-known/appspecific/com.chrome.devtools.json HTTP/1.1" 404 -
::1 - - [15/Jun/2025 10:47:09] "GET /assets/index-56d399a4.js HTTP/1.1" 200 -
::1 - - [15/Jun/2025 10:47:09] "GET /assets/index-73572265.css HTTP/1.1" 200 -
::1 - - [15/Jun/2025 10:47:09] "GET /assets/index-56d399a4.js.map HTTP/1.1" 200 -
::1 - - [15/Jun/2025 10:47:12] "GET /assets/CaseListPage-b5ce910a.js HTTP/1.1" 200 -
::1 - - [15/Jun/2025 10:47:12] "GET /assets/index-69f8b09f.js HTTP/1.1" 200 -
::1 - - [15/Jun/2025 10:47:12] "GET /assets/CaseListPage-b5ce910a.js.map HTTP/1.1" 200 -
::1 - - [15/Jun/2025 10:47:12] "GET /assets/index-69f8b09f.js.map HTTP/1.1" 200 -
::1 - - [15/Jun/2025 10:47:15] "GET /assets/CaseDetailPage-8317760b.js HTTP/1.1" 200 -
::1 - - [15/Jun/2025 10:47:15] "GET /assets/RouteOptimizationComponent-4d8e306f.css HTTP/1.1" 200 -
::1 - - [15/Jun/2025 10:47:15] "GET /assets/RouteOptimizationComponent-06397c06.js HTTP/1.1" 200 -
::1 - - [15/Jun/2025 10:47:15] "GET /assets/emergencyHospitals-0f7a254e.js HTTP/1.1" 200 -
::1 - - [15/Jun/2025 10:47:15] "GET /assets/emergencyHospitals-0f7a254e.js.map HTTP/1.1" 200 -
::1 - - [15/Jun/2025 10:47:15] "GET /assets/CaseDetailPage-8317760b.js.map HTTP/1.1" 200 -
::1 - - [15/Jun/2025 10:47:15] "GET /assets/RouteOptimizationComponent-06397c06.js.map HTTP/1.1" 200 -
::1 - - [15/Jun/2025 10:56:02] "GET / HTTP/1.1" 200 -
::1 - - [15/Jun/2025 10:56:02] "GET /assets/index-73572265.css HTTP/1.1" 200 -
::1 - - [15/Jun/2025 10:56:02] "GET /assets/index-9d1c68a5.js HTTP/1.1" 200 -
::1 - - [15/Jun/2025 10:56:02] code 404, message File not found
::1 - - [15/Jun/2025 10:56:02] "GET /.well-known/appspecific/com.chrome.devtools.json HTTP/1.1" 404 -
::1 - - [15/Jun/2025 10:56:02] "GET /assets/index-9d1c68a5.js.map HTTP/1.1" 200 -
::1 - - [15/Jun/2025 10:56:02] "GET /assets/CaseListPage-73e80f30.js HTTP/1.1" 200 -
::1 - - [15/Jun/2025 10:56:02] "GET /assets/index-69f8b09f.js HTTP/1.1" 200 -
::1 - - [15/Jun/2025 10:56:02] "GET /assets/CaseListPage-73e80f30.js.map HTTP/1.1" 200 -
::1 - - [15/Jun/2025 10:56:02] "GET /assets/index-69f8b09f.js.map HTTP/1.1" 200 -
::1 - - [15/Jun/2025 10:56:05] "GET /assets/CaseDetailPage-7b74a23e.js HTTP/1.1" 200 -
::1 - - [15/Jun/2025 10:56:05] "GET /assets/RouteOptimizationComponent-4d8e306f.css HTTP/1.1" 200 -
::1 - - [15/Jun/2025 10:56:05] "GET /assets/emergencyHospitals-0f7a254e.js HTTP/1.1" 200 -
::1 - - [15/Jun/2025 10:56:05] "GET /assets/RouteOptimizationComponent-91a118a5.js HTTP/1.1" 200 -
::1 - - [15/Jun/2025 10:56:05] "GET /assets/CaseDetailPage-7b74a23e.js.map HTTP/1.1" 200 -
::1 - - [15/Jun/2025 10:56:05] "GET /assets/RouteOptimizationComponent-91a118a5.js.map HTTP/1.1" 200 -
::1 - - [15/Jun/2025 10:56:05] "GET /assets/emergencyHospitals-0f7a254e.js.map HTTP/1.1" 200 -
::1 - - [15/Jun/2025 11:08:07] "GET / HTTP/1.1" 200 -
::1 - - [15/Jun/2025 11:08:07] "GET /assets/index-73572265.css HTTP/1.1" 200 -
::1 - - [15/Jun/2025 11:08:07] "GET /assets/index-6ecd4554.js HTTP/1.1" 200 -
::1 - - [15/Jun/2025 11:08:07] "GET /assets/index-69f8b09f.js HTTP/1.1" 200 -
::1 - - [15/Jun/2025 11:08:07] "GET /assets/CaseListPage-4200e08c.js HTTP/1.1" 200 -
::1 - - [15/Jun/2025 11:08:47] "GET /assets/CaseDetailPage-39335f9c.js HTTP/1.1" 200 -
::1 - - [15/Jun/2025 11:08:47] "GET /assets/RouteOptimizationComponent-8cf9e87d.js HTTP/1.1" 200 -
::1 - - [15/Jun/2025 11:08:47] "GET /assets/emergencyHospitals-0f7a254e.js HTTP/1.1" 200 -
::1 - - [15/Jun/2025 11:08:47] "GET /assets/RouteOptimizationComponent-4d8e306f.css HTTP/1.1" 200 -
::1 - - [15/Jun/2025 11:09:28] code 404, message File not found
::1 - - [15/Jun/2025 11:09:28] "GET /cases/case-002 HTTP/1.1" 404 -
::1 - - [15/Jun/2025 11:09:36] code 404, message File not found
::1 - - [15/Jun/2025 11:09:36] "GET /cases/case-001 HTTP/1.1" 404 -
::1 - - [15/Jun/2025 11:09:44] code 404, message File not found
::1 - - [15/Jun/2025 11:09:44] "GET /cases/case-002 HTTP/1.1" 404 -
::1 - - [15/Jun/2025 11:09:45] "GET / HTTP/1.1" 200 -
::1 - - [15/Jun/2025 11:09:45] "GET /assets/index-6ecd4554.js HTTP/1.1" 304 -
::1 - - [15/Jun/2025 11:09:45] "GET /assets/index-73572265.css HTTP/1.1" 200 -
::1 - - [15/Jun/2025 11:09:45] "GET /assets/index-69f8b09f.js HTTP/1.1" 200 -
::1 - - [15/Jun/2025 11:09:45] "GET /assets/CaseListPage-4200e08c.js HTTP/1.1" 304 -
::1 - - [15/Jun/2025 11:09:48] "GET /assets/CaseDetailPage-39335f9c.js HTTP/1.1" 304 -
::1 - - [15/Jun/2025 11:09:48] "GET /assets/emergencyHospitals-0f7a254e.js HTTP/1.1" 200 -
::1 - - [15/Jun/2025 11:09:48] "GET /assets/RouteOptimizationComponent-8cf9e87d.js HTTP/1.1" 304 -
::1 - - [15/Jun/2025 11:09:48] "GET /assets/RouteOptimizationComponent-4d8e306f.css HTTP/1.1" 200 -
::1 - - [15/Jun/2025 11:12:35] "GET / HTTP/1.1" 200 -
::1 - - [15/Jun/2025 11:12:35] "GET /assets/index-73572265.css HTTP/1.1" 200 -
::1 - - [15/Jun/2025 11:12:35] "GET /assets/index-34301ab8.js HTTP/1.1" 200 -
::1 - - [15/Jun/2025 11:12:35] "GET /assets/CaseListPage-4f3b8cac.js HTTP/1.1" 200 -
::1 - - [15/Jun/2025 11:12:35] "GET /assets/index-69f8b09f.js HTTP/1.1" 200 -
::1 - - [15/Jun/2025 11:13:33] "GET /assets/CaseDetailPage-2fbb4c57.js HTTP/1.1" 200 -
::1 - - [15/Jun/2025 11:13:33] "GET /assets/RouteOptimizationComponent-e89fa919.js HTTP/1.1" 200 -
::1 - - [15/Jun/2025 11:13:33] "GET /assets/emergencyHospitals-0f7a254e.js HTTP/1.1" 200 -
::1 - - [15/Jun/2025 11:13:33] "GET /assets/RouteOptimizationComponent-4d8e306f.css HTTP/1.1" 200 -
::1 - - [15/Jun/2025 11:23:32] "GET / HTTP/1.1" 200 -
::1 - - [15/Jun/2025 11:23:32] code 404, message File not found
::1 - - [15/Jun/2025 11:23:32] "GET /assets/index-73572265.css HTTP/1.1" 404 -
::1 - - [15/Jun/2025 11:23:32] "GET /assets/index-dcd4d983.js HTTP/1.1" 200 -
::1 - - [15/Jun/2025 11:23:32] "GET /assets/index-40c7343a.css HTTP/1.1" 200 -
::1 - - [15/Jun/2025 11:23:32] "GET /assets/CaseListPage-cdb32345.js HTTP/1.1" 200 -
::1 - - [15/Jun/2025 11:23:32] "GET /assets/index-69f8b09f.js HTTP/1.1" 200 -
::1 - - [15/Jun/2025 11:24:59] "GET / HTTP/1.1" 200 -
::1 - - [15/Jun/2025 11:24:59] "GET /assets/index-69f8b09f.js HTTP/1.1" 200 -
::1 - - [15/Jun/2025 11:24:59] "GET /assets/index-c97d8ac6.js HTTP/1.1" 200 -
::1 - - [15/Jun/2025 11:24:59] "GET /assets/index-40c7343a.css HTTP/1.1" 200 -
::1 - - [15/Jun/2025 11:24:59] "GET /assets/CaseListPage-33f20251.js HTTP/1.1" 200 -
::1 - - [15/Jun/2025 11:25:22] "GET /assets/CaseDetailPage-1db3fd07.js HTTP/1.1" 200 -
::1 - - [15/Jun/2025 11:25:22] "GET /assets/RouteOptimizationComponent-6c41d446.js HTTP/1.1" 200 -
::1 - - [15/Jun/2025 11:25:22] "GET /assets/RouteOptimizationComponent-4d8e306f.css HTTP/1.1" 200 -
::1 - - [15/Jun/2025 11:25:22] "GET /assets/emergencyHospitals-0f7a254e.js HTTP/1.1" 200 -
::1 - - [15/Jun/2025 11:29:32] code 404, message File not found
::1 - - [15/Jun/2025 11:29:32] code 404, message File not found
::1 - - [15/Jun/2025 11:29:32] code 404, message File not found
::1 - - [15/Jun/2025 11:29:32] "GET /favicon.ico HTTP/1.1" 404 -
::1 - - [15/Jun/2025 11:29:32] code 404, message File not found
::1 - - [15/Jun/2025 11:29:32] "GET /vite.svg HTTP/1.1" 404 -
::1 - - [15/Jun/2025 11:29:32] "GET /apple-touch-icon-precomposed.png HTTP/1.1" 404 -
::1 - - [15/Jun/2025 11:29:32] "GET /apple-touch-icon.png HTTP/1.1" 404 -
::1 - - [15/Jun/2025 11:29:37] "GET / HTTP/1.1" 200 -
::1 - - [15/Jun/2025 11:29:37] "GET /assets/index-c97d8ac6.js HTTP/1.1" 200 -
::1 - - [15/Jun/2025 11:29:37] "GET /assets/index-40c7343a.css HTTP/1.1" 200 -
::1 - - [15/Jun/2025 11:29:38] "GET /assets/CaseListPage-33f20251.js HTTP/1.1" 200 -
::1 - - [15/Jun/2025 11:29:38] "GET /assets/index-69f8b09f.js HTTP/1.1" 200 -
::1 - - [15/Jun/2025 11:29:41] "GET /assets/CaseDetailPage-1db3fd07.js HTTP/1.1" 200 -
::1 - - [15/Jun/2025 11:29:41] "GET /assets/RouteOptimizationComponent-6c41d446.js HTTP/1.1" 200 -
::1 - - [15/Jun/2025 11:29:41] "GET /assets/RouteOptimizationComponent-4d8e306f.css HTTP/1.1" 200 -
::1 - - [15/Jun/2025 11:29:41] "GET /assets/emergencyHospitals-0f7a254e.js HTTP/1.1" 200 -
::1 - - [15/Jun/2025 11:31:10] "GET /assets/index-40c7343a.css HTTP/1.1" 304 -
::1 - - [15/Jun/2025 11:31:10] "GET /assets/RouteOptimizationComponent-4d8e306f.css HTTP/1.1" 304 -
::1 - - [15/Jun/2025 11:31:10] code 404, message File not found
::1 - - [15/Jun/2025 11:31:10] "GET /.well-known/appspecific/com.chrome.devtools.json HTTP/1.1" 404 -
::1 - - [15/Jun/2025 11:31:10] "GET /assets/index-c97d8ac6.js.map HTTP/1.1" 200 -
::1 - - [15/Jun/2025 11:31:10] "GET /assets/index-69f8b09f.js.map HTTP/1.1" 200 -
::1 - - [15/Jun/2025 11:31:10] "GET /assets/CaseListPage-33f20251.js.map HTTP/1.1" 200 -
::1 - - [15/Jun/2025 11:31:10] "GET /assets/CaseDetailPage-1db3fd07.js.map HTTP/1.1" 200 -
::1 - - [15/Jun/2025 11:31:10] "GET /assets/RouteOptimizationComponent-6c41d446.js.map HTTP/1.1" 200 -
::1 - - [15/Jun/2025 11:31:10] "GET /assets/emergencyHospitals-0f7a254e.js.map HTTP/1.1" 200 -
::1 - - [15/Jun/2025 11:37:12] "GET / HTTP/1.1" 200 -
::1 - - [15/Jun/2025 11:37:12] code 404, message File not found
::1 - - [15/Jun/2025 11:37:12] "GET /assets/index-69f8b09f.js HTTP/1.1" 200 -
::1 - - [15/Jun/2025 11:37:12] "GET /assets/index-40c7343a.css HTTP/1.1" 404 -
::1 - - [15/Jun/2025 11:37:12] "GET /assets/index-d0d9c6f2.js HTTP/1.1" 200 -
::1 - - [15/Jun/2025 11:37:12] "GET /assets/index-24a92e98.css HTTP/1.1" 200 -
::1 - - [15/Jun/2025 11:37:12] "GET /assets/CaseListPage-6ebbade5.js HTTP/1.1" 200 -
::1 - - [15/Jun/2025 11:37:17] "GET /assets/CaseDetailPage-1d678e8a.js HTTP/1.1" 200 -
::1 - - [15/Jun/2025 11:37:17] "GET /assets/emergencyHospitals-0f7a254e.js HTTP/1.1" 200 -
::1 - - [15/Jun/2025 11:37:17] "GET /assets/RouteOptimizationComponent-4d8e306f.css HTTP/1.1" 200 -
::1 - - [15/Jun/2025 11:37:17] "GET /assets/RouteOptimizationComponent-ada0425c.js HTTP/1.1" 200 -
::1 - - [15/Jun/2025 11:44:58] code 404, message File not found
::1 - - [15/Jun/2025 11:44:58] "GET /cases/case-003 HTTP/1.1" 404 -
::1 - - [15/Jun/2025 11:45:07] "GET / HTTP/1.1" 200 -
::1 - - [15/Jun/2025 11:45:07] "GET /assets/index-3b8ee6eb.js HTTP/1.1" 200 -
::1 - - [15/Jun/2025 11:45:07] "GET /assets/index-24a92e98.css HTTP/1.1" 200 -
::1 - - [15/Jun/2025 11:45:07] "GET /assets/CaseListPage-7ce9ab27.js HTTP/1.1" 200 -
::1 - - [15/Jun/2025 11:45:07] "GET /assets/index-69f8b09f.js HTTP/1.1" 200 -
::1 - - [15/Jun/2025 11:45:10] "GET /assets/CaseDetailPage-3f4e7a1c.js HTTP/1.1" 200 -
::1 - - [15/Jun/2025 11:45:10] "GET /assets/RouteOptimizationComponent-4d8e306f.css HTTP/1.1" 200 -
::1 - - [15/Jun/2025 11:45:10] "GET /assets/emergencyHospitals-0f7a254e.js HTTP/1.1" 200 -
::1 - - [15/Jun/2025 11:45:10] "GET /assets/RouteOptimizationComponent-f206a103.js HTTP/1.1" 200 -
::1 - - [15/Jun/2025 11:58:56] code 404, message File not found
::1 - - [15/Jun/2025 11:58:56] "GET /cases HTTP/1.1" 404 -
::1 - - [15/Jun/2025 11:58:59] "GET / HTTP/1.1" 304 -
::1 - - [15/Jun/2025 11:58:59] "GET /assets/index-69f8b09f.js HTTP/1.1" 304 -
::1 - - [15/Jun/2025 11:58:59] "GET /assets/index-3b8ee6eb.js HTTP/1.1" 304 -
::1 - - [15/Jun/2025 11:58:59] "GET /assets/index-24a92e98.css HTTP/1.1" 304 -
::1 - - [15/Jun/2025 11:59:07] code 404, message File not found
::1 - - [15/Jun/2025 11:59:07] "GET /cases HTTP/1.1" 404 -
::1 - - [15/Jun/2025 11:59:13] code 404, message File not found
::1 - - [15/Jun/2025 11:59:13] "GET /cases HTTP/1.1" 404 -
::1 - - [15/Jun/2025 11:59:16] code 404, message File not found
::1 - - [15/Jun/2025 11:59:16] "GET /cases HTTP/1.1" 404 -
::1 - - [15/Jun/2025 11:59:18] code 404, message File not found
::1 - - [15/Jun/2025 11:59:18] "GET /cases/case-001 HTTP/1.1" 404 -
::1 - - [15/Jun/2025 12:00:02] "GET / HTTP/1.1" 200 -
::1 - - [15/Jun/2025 12:00:02] "GET /assets/index-3b8ee6eb.js HTTP/1.1" 200 -
::1 - - [15/Jun/2025 12:00:02] "GET /assets/index-24a92e98.css HTTP/1.1" 200 -
::1 - - [15/Jun/2025 12:00:04] "GET /assets/CaseListPage-7ce9ab27.js HTTP/1.1" 200 -
::1 - - [15/Jun/2025 12:00:04] "GET /assets/index-69f8b09f.js HTTP/1.1" 200 -
::1 - - [15/Jun/2025 12:00:05] "GET /assets/CaseDetailPage-3f4e7a1c.js HTTP/1.1" 200 -
::1 - - [15/Jun/2025 12:00:05] "GET /assets/emergencyHospitals-0f7a254e.js HTTP/1.1" 200 -
::1 - - [15/Jun/2025 12:00:05] "GET /assets/RouteOptimizationComponent-f206a103.js HTTP/1.1" 200 -
::1 - - [15/Jun/2025 12:00:05] "GET /assets/RouteOptimizationComponent-4d8e306f.css HTTP/1.1" 200 -
::1 - - [15/Jun/2025 12:00:56] code 404, message File not found
::1 - - [15/Jun/2025 12:00:56] "GET /cases HTTP/1.1" 404 -
::1 - - [15/Jun/2025 12:00:58] code 404, message File not found
::1 - - [15/Jun/2025 12:00:58] "GET /cases HTTP/1.1" 404 -
::1 - - [15/Jun/2025 12:01:14] "GET / HTTP/1.1" 200 -
::1 - - [15/Jun/2025 12:01:14] "GET /assets/index-97c836aa.js HTTP/1.1" 200 -
::1 - - [15/Jun/2025 12:01:14] "GET /assets/index-24a92e98.css HTTP/1.1" 200 -
::1 - - [15/Jun/2025 12:01:14] "GET /assets/CaseListPage-4e241f5b.js HTTP/1.1" 200 -
::1 - - [15/Jun/2025 12:01:14] "GET /assets/index-69f8b09f.js HTTP/1.1" 200 -
::1 - - [15/Jun/2025 12:01:16] code 404, message File not found
::1 - - [15/Jun/2025 12:01:16] "GET /cases HTTP/1.1" 404 -
::1 - - [15/Jun/2025 12:01:23] "GET / HTTP/1.1" 304 -
::1 - - [15/Jun/2025 12:01:23] "GET /assets/index-97c836aa.js HTTP/1.1" 304 -
::1 - - [15/Jun/2025 12:01:23] "GET /assets/index-24a92e98.css HTTP/1.1" 304 -
::1 - - [15/Jun/2025 12:01:23] "GET /assets/CaseListPage-4e241f5b.js HTTP/1.1" 304 -
::1 - - [15/Jun/2025 12:01:23] "GET /assets/index-69f8b09f.js HTTP/1.1" 304 -
::1 - - [15/Jun/2025 12:01:33] code 404, message File not found
::1 - - [15/Jun/2025 12:01:33] "GET /cases HTTP/1.1" 404 -
::1 - - [15/Jun/2025 12:01:33] code 404, message File not found
::1 - - [15/Jun/2025 12:01:33] "GET /cases HTTP/1.1" 404 -
::1 - - [15/Jun/2025 12:01:37] "GET / HTTP/1.1" 304 -
::1 - - [15/Jun/2025 12:01:37] "GET /assets/index-97c836aa.js HTTP/1.1" 304 -
::1 - - [15/Jun/2025 12:01:37] "GET /assets/index-24a92e98.css HTTP/1.1" 304 -
::1 - - [15/Jun/2025 12:01:37] "GET /assets/CaseListPage-4e241f5b.js HTTP/1.1" 304 -
::1 - - [15/Jun/2025 12:01:37] "GET /assets/index-69f8b09f.js HTTP/1.1" 304 -
::1 - - [15/Jun/2025 12:01:43] "GET /assets/index-24a92e98.css HTTP/1.1" 304 -
::1 - - [15/Jun/2025 12:01:43] code 404, message File not found
::1 - - [15/Jun/2025 12:01:43] "GET /.well-known/appspecific/com.chrome.devtools.json HTTP/1.1" 404 -
::1 - - [15/Jun/2025 12:01:43] "GET /assets/index-97c836aa.js.map HTTP/1.1" 200 -
::1 - - [15/Jun/2025 12:01:43] "GET /assets/index-69f8b09f.js.map HTTP/1.1" 200 -
::1 - - [15/Jun/2025 12:01:43] "GET /assets/CaseListPage-4e241f5b.js.map HTTP/1.1" 200 -
::1 - - [15/Jun/2025 12:02:32] "GET / HTTP/1.1" 200 -
::1 - - [15/Jun/2025 12:02:32] code 404, message File not found
::1 - - [15/Jun/2025 12:02:32] "GET /.well-known/appspecific/com.chrome.devtools.json HTTP/1.1" 404 -
::1 - - [15/Jun/2025 12:02:32] "GET /assets/index-24a92e98.css HTTP/1.1" 200 -
::1 - - [15/Jun/2025 12:02:32] "GET /assets/index-97c836aa.js HTTP/1.1" 200 -
::1 - - [15/Jun/2025 12:02:32] "GET /assets/index-97c836aa.js.map HTTP/1.1" 200 -
::1 - - [15/Jun/2025 12:02:34] "GET /assets/CaseListPage-4e241f5b.js HTTP/1.1" 200 -
::1 - - [15/Jun/2025 12:02:34] "GET /assets/index-69f8b09f.js HTTP/1.1" 200 -
::1 - - [15/Jun/2025 12:02:34] "GET /assets/CaseListPage-4e241f5b.js.map HTTP/1.1" 200 -
::1 - - [15/Jun/2025 12:02:34] "GET /assets/index-69f8b09f.js.map HTTP/1.1" 200 -
::1 - - [15/Jun/2025 12:02:40] "GET /assets/CaseDetailPage-01e6b047.js HTTP/1.1" 200 -
::1 - - [15/Jun/2025 12:02:40] "GET /assets/RouteOptimizationComponent-33c9532d.js HTTP/1.1" 200 -
::1 - - [15/Jun/2025 12:02:40] "GET /assets/RouteOptimizationComponent-4d8e306f.css HTTP/1.1" 200 -
::1 - - [15/Jun/2025 12:02:40] "GET /assets/emergencyHospitals-0f7a254e.js HTTP/1.1" 200 -
::1 - - [15/Jun/2025 12:11:39] "GET / HTTP/1.1" 200 -
::1 - - [15/Jun/2025 12:11:39] "GET /assets/index-24a92e98.css HTTP/1.1" 200 -
::1 - - [15/Jun/2025 12:11:39] "GET /assets/index-12ba5e1e.js HTTP/1.1" 200 -
::1 - - [15/Jun/2025 12:11:39] code 404, message File not found
::1 - - [15/Jun/2025 12:11:39] "GET /.well-known/appspecific/com.chrome.devtools.json HTTP/1.1" 404 -
::1 - - [15/Jun/2025 12:11:39] "GET /assets/index-12ba5e1e.js.map HTTP/1.1" 200 -
::1 - - [15/Jun/2025 12:11:39] "GET /assets/index-69f8b09f.js HTTP/1.1" 200 -
::1 - - [15/Jun/2025 12:11:39] "GET /assets/CaseListPage-247fbe4e.js HTTP/1.1" 200 -
::1 - - [15/Jun/2025 12:11:39] "GET /assets/CaseListPage-247fbe4e.js.map HTTP/1.1" 200 -
::1 - - [15/Jun/2025 12:11:39] "GET /assets/index-69f8b09f.js.map HTTP/1.1" 200 -
::1 - - [15/Jun/2025 12:11:43] "GET /assets/CaseDetailPage-6517b44f.js HTTP/1.1" 200 -
::1 - - [15/Jun/2025 12:11:43] "GET /assets/RouteOptimizationComponent-be923eff.js HTTP/1.1" 200 -
::1 - - [15/Jun/2025 12:11:43] "GET /assets/RouteOptimizationComponent-4d8e306f.css HTTP/1.1" 200 -
::1 - - [15/Jun/2025 12:11:43] "GET /assets/emergencyHospitals-0f7a254e.js HTTP/1.1" 200 -
::1 - - [15/Jun/2025 12:11:43] "GET /assets/CaseDetailPage-6517b44f.js.map HTTP/1.1" 200 -
::1 - - [15/Jun/2025 12:11:43] "GET /assets/RouteOptimizationComponent-be923eff.js.map HTTP/1.1" 200 -
::1 - - [15/Jun/2025 12:11:43] "GET /assets/emergencyHospitals-0f7a254e.js.map HTTP/1.1" 200 -
::1 - - [15/Jun/2025 12:15:07] "GET / HTTP/1.1" 200 -
::1 - - [15/Jun/2025 12:15:07] "GET /assets/index-12ba5e1e.js HTTP/1.1" 200 -
::1 - - [15/Jun/2025 12:15:07] "GET /assets/index-24a92e98.css HTTP/1.1" 200 -
::1 - - [15/Jun/2025 12:15:07] code 404, message File not found
::1 - - [15/Jun/2025 12:15:07] "GET /.well-known/appspecific/com.chrome.devtools.json HTTP/1.1" 404 -
::1 - - [15/Jun/2025 12:15:07] "GET /assets/index-12ba5e1e.js.map HTTP/1.1" 200 -
::1 - - [15/Jun/2025 12:15:08] "GET /assets/index-69f8b09f.js HTTP/1.1" 200 -
::1 - - [15/Jun/2025 12:15:08] "GET /assets/CaseListPage-247fbe4e.js HTTP/1.1" 200 -
::1 - - [15/Jun/2025 12:15:08] "GET /assets/index-69f8b09f.js.map HTTP/1.1" 200 -
::1 - - [15/Jun/2025 12:15:08] "GET /assets/CaseListPage-247fbe4e.js.map HTTP/1.1" 200 -
::1 - - [15/Jun/2025 12:15:09] "GET /assets/CaseDetailPage-6517b44f.js HTTP/1.1" 200 -
::1 - - [15/Jun/2025 12:15:09] "GET /assets/RouteOptimizationComponent-4d8e306f.css HTTP/1.1" 200 -
::1 - - [15/Jun/2025 12:15:09] "GET /assets/RouteOptimizationComponent-be923eff.js HTTP/1.1" 200 -
::1 - - [15/Jun/2025 12:15:09] "GET /assets/emergencyHospitals-0f7a254e.js HTTP/1.1" 200 -
::1 - - [15/Jun/2025 12:15:09] "GET /assets/emergencyHospitals-0f7a254e.js.map HTTP/1.1" 200 -
::1 - - [15/Jun/2025 12:15:09] "GET /assets/CaseDetailPage-6517b44f.js.map HTTP/1.1" 200 -
::1 - - [15/Jun/2025 12:15:09] "GET /assets/RouteOptimizationComponent-be923eff.js.map HTTP/1.1" 200 -
::1 - - [15/Jun/2025 12:15:18] code 404, message File not found
::1 - - [15/Jun/2025 12:15:18] "GET /cases/case-002 HTTP/1.1" 404 -
::1 - - [15/Jun/2025 12:25:26] "GET / HTTP/1.1" 304 -
::1 - - [15/Jun/2025 12:25:26] "GET /assets/index-12ba5e1e.js HTTP/1.1" 304 -
::1 - - [15/Jun/2025 12:25:26] "GET /assets/index-24a92e98.css HTTP/1.1" 304 -
::1 - - [15/Jun/2025 12:25:26] "GET /assets/CaseListPage-247fbe4e.js HTTP/1.1" 304 -
::1 - - [15/Jun/2025 12:25:26] "GET /assets/index-69f8b09f.js HTTP/1.1" 304 -
::1 - - [15/Jun/2025 12:25:29] "GET /assets/CaseDetailPage-6517b44f.js HTTP/1.1" 304 -
::1 - - [15/Jun/2025 12:25:29] "GET /assets/emergencyHospitals-0f7a254e.js HTTP/1.1" 304 -
::1 - - [15/Jun/2025 12:25:29] "GET /assets/RouteOptimizationComponent-4d8e306f.css HTTP/1.1" 304 -
::1 - - [15/Jun/2025 12:25:29] "GET /assets/RouteOptimizationComponent-be923eff.js HTTP/1.1" 304 -
::1 - - [15/Jun/2025 12:25:52] "GET /assets/RouteOptimizationPage-bd597462.js HTTP/1.1" 200 -
